{"/Users/josephgordy/Projects/generosity_market/gm_prod_server/server.js": {"path":"/Users/josephgordy/Projects/generosity_market/gm_prod_server/server.js","statementMap":{"0":{"start":{"line":1,"column":0},"end":{"line":1,"column":27}},"1":{"start":{"line":2,"column":16},"end":{"line":2,"column":34}},"2":{"start":{"line":3,"column":19},"end":{"line":3,"column":41}},"3":{"start":{"line":5,"column":15},"end":{"line":5,"column":32}},"4":{"start":{"line":7,"column":17},"end":{"line":7,"column":36}},"5":{"start":{"line":8,"column":26},"end":{"line":8,"column":50}},"6":{"start":{"line":10,"column":15},"end":{"line":10,"column":40}},"7":{"start":{"line":11,"column":24},"end":{"line":11,"column":52}},"8":{"start":{"line":13,"column":17},"end":{"line":13,"column":42}},"9":{"start":{"line":15,"column":29},"end":{"line":15,"column":52}},"10":{"start":{"line":17,"column":12},"end":{"line":17,"column":21}},"11":{"start":{"line":20,"column":0},"end":{"line":20,"column":44}},"12":{"start":{"line":22,"column":0},"end":{"line":22,"column":27}},"13":{"start":{"line":23,"column":0},"end":{"line":23,"column":52}},"14":{"start":{"line":24,"column":0},"end":{"line":24,"column":23}},"15":{"start":{"line":26,"column":0},"end":{"line":26,"column":31}},"16":{"start":{"line":28,"column":0},"end":{"line":28,"column":50}},"17":{"start":{"line":30,"column":0},"end":{"line":32,"column":3}},"18":{"start":{"line":31,"column":4},"end":{"line":31,"column":24}},"19":{"start":{"line":34,"column":0},"end":{"line":47,"column":3}},"20":{"start":{"line":35,"column":4},"end":{"line":46,"column":11}},"21":{"start":{"line":41,"column":12},"end":{"line":43,"column":13}},"22":{"start":{"line":42,"column":16},"end":{"line":42,"column":49}},"23":{"start":{"line":45,"column":12},"end":{"line":45,"column":29}},"24":{"start":{"line":49,"column":0},"end":{"line":49,"column":24}},"25":{"start":{"line":50,"column":0},"end":{"line":50,"column":16}},"26":{"start":{"line":52,"column":0},"end":{"line":54,"column":3}},"27":{"start":{"line":53,"column":4},"end":{"line":53,"column":26}},"28":{"start":{"line":58,"column":0},"end":{"line":63,"column":1}},"29":{"start":{"line":59,"column":4},"end":{"line":62,"column":7}},"30":{"start":{"line":61,"column":8},"end":{"line":61,"column":68}},"31":{"start":{"line":65,"column":0},"end":{"line":65,"column":21}}},"fnMap":{"0":{"name":"(anonymous_0)","decl":{"start":{"line":30,"column":23},"end":{"line":30,"column":24}},"loc":{"start":{"line":30,"column":39},"end":{"line":32,"column":1}},"line":30},"1":{"name":"(anonymous_1)","decl":{"start":{"line":34,"column":25},"end":{"line":34,"column":26}},"loc":{"start":{"line":34,"column":39},"end":{"line":47,"column":1}},"line":34},"2":{"name":"(anonymous_2)","decl":{"start":{"line":40,"column":14},"end":{"line":40,"column":15}},"loc":{"start":{"line":40,"column":24},"end":{"line":46,"column":9}},"line":40},"3":{"name":"(anonymous_3)","decl":{"start":{"line":52,"column":8},"end":{"line":52,"column":9}},"loc":{"start":{"line":52,"column":27},"end":{"line":54,"column":1}},"line":52},"4":{"name":"(anonymous_4)","decl":{"start":{"line":59,"column":32},"end":{"line":59,"column":33}},"loc":{"start":{"line":59,"column":38},"end":{"line":62,"column":5}},"line":59}},"branchMap":{"0":{"loc":{"start":{"line":20,"column":17},"end":{"line":20,"column":41}},"type":"binary-expr","locations":[{"start":{"line":20,"column":17},"end":{"line":20,"column":33}},{"start":{"line":20,"column":37},"end":{"line":20,"column":41}}],"line":20},"1":{"loc":{"start":{"line":41,"column":12},"end":{"line":43,"column":13}},"type":"if","locations":[{"start":{"line":41,"column":12},"end":{"line":43,"column":13}},{"start":{"line":41,"column":12},"end":{"line":43,"column":13}}],"line":41},"2":{"loc":{"start":{"line":58,"column":0},"end":{"line":63,"column":1}},"type":"if","locations":[{"start":{"line":58,"column":0},"end":{"line":63,"column":1}},{"start":{"line":58,"column":0},"end":{"line":63,"column":1}}],"line":58}},"s":{"0":1,"1":1,"2":1,"3":1,"4":1,"5":1,"6":1,"7":1,"8":1,"9":1,"10":1,"11":1,"12":1,"13":1,"14":1,"15":1,"16":1,"17":1,"18":0,"19":1,"20":0,"21":0,"22":0,"23":0,"24":1,"25":1,"26":1,"27":0,"28":1,"29":0,"30":0,"31":1},"f":{"0":0,"1":0,"2":0,"3":0,"4":0},"b":{"0":[1,1],"1":[0,0],"2":[0,1]},"_coverageSchema":"43e27e138ebf9cfc5966b082cf9a028302ed4184","hash":"a180f9c8e413d477fdd7ed18c94a58b2851fec5b"}
,"/Users/josephgordy/Projects/generosity_market/gm_prod_server/config/config.js": {"path":"/Users/josephgordy/Projects/generosity_market/gm_prod_server/config/config.js","statementMap":{"0":{"start":{"line":1,"column":0},"end":{"line":1,"column":27}},"1":{"start":{"line":3,"column":0},"end":{"line":21,"column":2}}},"fnMap":{},"branchMap":{},"s":{"0":1,"1":1},"f":{},"b":{},"_coverageSchema":"43e27e138ebf9cfc5966b082cf9a028302ed4184","hash":"7591318827e3fde73e5e32f4705cf58160cdffec"}
,"/Users/josephgordy/Projects/generosity_market/gm_prod_server/controllers/users.js": {"path":"/Users/josephgordy/Projects/generosity_market/gm_prod_server/controllers/users.js","statementMap":{"0":{"start":{"line":1,"column":18},"end":{"line":1,"column":38}},"1":{"start":{"line":2,"column":15},"end":{"line":2,"column":32}},"2":{"start":{"line":3,"column":12},"end":{"line":3,"column":35}},"3":{"start":{"line":6,"column":21},"end":{"line":6,"column":44}},"4":{"start":{"line":14,"column":4},"end":{"line":14,"column":30}},"5":{"start":{"line":20,"column":4},"end":{"line":20,"column":27}},"6":{"start":{"line":37,"column":0},"end":{"line":83,"column":2}},"7":{"start":{"line":45,"column":8},"end":{"line":45,"column":16}},"8":{"start":{"line":47,"column":4},"end":{"line":49,"column":5}},"9":{"start":{"line":48,"column":8},"end":{"line":48,"column":81}},"10":{"start":{"line":51,"column":17},"end":{"line":51,"column":39}},"11":{"start":{"line":54,"column":20},"end":{"line":59,"column":5}},"12":{"start":{"line":61,"column":4},"end":{"line":82,"column":5}},"13":{"start":{"line":62,"column":8},"end":{"line":79,"column":9}},"14":{"start":{"line":63,"column":25},"end":{"line":66,"column":14}},"15":{"start":{"line":68,"column":29},"end":{"line":68,"column":64}},"16":{"start":{"line":70,"column":12},"end":{"line":76,"column":13}},"17":{"start":{"line":71,"column":32},"end":{"line":71,"column":81}},"18":{"start":{"line":72,"column":36},"end":{"line":72,"column":68}},"19":{"start":{"line":74,"column":16},"end":{"line":74,"column":51}},"20":{"start":{"line":75,"column":16},"end":{"line":75,"column":47}},"21":{"start":{"line":78,"column":12},"end":{"line":78,"column":40}},"22":{"start":{"line":81,"column":8},"end":{"line":81,"column":83}},"23":{"start":{"line":86,"column":0},"end":{"line":115,"column":2}},"24":{"start":{"line":87,"column":32},"end":{"line":87,"column":40}},"25":{"start":{"line":89,"column":4},"end":{"line":91,"column":5}},"26":{"start":{"line":90,"column":8},"end":{"line":90,"column":69}},"27":{"start":{"line":93,"column":4},"end":{"line":114,"column":5}},"28":{"start":{"line":94,"column":21},"end":{"line":102,"column":10}},"29":{"start":{"line":104,"column":25},"end":{"line":104,"column":57}},"30":{"start":{"line":106,"column":8},"end":{"line":111,"column":9}},"31":{"start":{"line":107,"column":26},"end":{"line":107,"column":60}},"32":{"start":{"line":108,"column":12},"end":{"line":108,"column":72}},"33":{"start":{"line":110,"column":12},"end":{"line":110,"column":84}},"34":{"start":{"line":113,"column":8},"end":{"line":113,"column":40}},"35":{"start":{"line":118,"column":0},"end":{"line":135,"column":2}},"36":{"start":{"line":119,"column":4},"end":{"line":134,"column":5}},"37":{"start":{"line":120,"column":21},"end":{"line":125,"column":10}},"38":{"start":{"line":127,"column":8},"end":{"line":129,"column":9}},"39":{"start":{"line":128,"column":12},"end":{"line":128,"column":59}},"40":{"start":{"line":131,"column":8},"end":{"line":131,"column":42}},"41":{"start":{"line":133,"column":8},"end":{"line":133,"column":43}},"42":{"start":{"line":138,"column":0},"end":{"line":158,"column":2}},"43":{"start":{"line":139,"column":4},"end":{"line":157,"column":5}},"44":{"start":{"line":140,"column":21},"end":{"line":148,"column":10}},"45":{"start":{"line":150,"column":8},"end":{"line":152,"column":9}},"46":{"start":{"line":151,"column":12},"end":{"line":151,"column":59}},"47":{"start":{"line":154,"column":8},"end":{"line":154,"column":42}},"48":{"start":{"line":156,"column":8},"end":{"line":156,"column":43}},"49":{"start":{"line":161,"column":0},"end":{"line":202,"column":2}},"50":{"start":{"line":162,"column":24},"end":{"line":162,"column":32}},"51":{"start":{"line":164,"column":24},"end":{"line":167,"column":5}},"52":{"start":{"line":172,"column":4},"end":{"line":201,"column":5}},"53":{"start":{"line":173,"column":21},"end":{"line":178,"column":10}},"54":{"start":{"line":180,"column":8},"end":{"line":180,"column":54}},"55":{"start":{"line":200,"column":8},"end":{"line":200,"column":38}},"56":{"start":{"line":205,"column":0},"end":{"line":223,"column":2}},"57":{"start":{"line":206,"column":20},"end":{"line":206,"column":55}},"58":{"start":{"line":207,"column":25},"end":{"line":207,"column":65}},"59":{"start":{"line":209,"column":4},"end":{"line":222,"column":5}},"60":{"start":{"line":210,"column":21},"end":{"line":215,"column":10}},"61":{"start":{"line":217,"column":8},"end":{"line":217,"column":74}},"62":{"start":{"line":217,"column":27},"end":{"line":217,"column":74}},"63":{"start":{"line":219,"column":8},"end":{"line":219,"column":50}},"64":{"start":{"line":221,"column":8},"end":{"line":221,"column":43}},"65":{"start":{"line":226,"column":0},"end":{"line":260,"column":2}},"66":{"start":{"line":227,"column":4},"end":{"line":259,"column":5}},"67":{"start":{"line":228,"column":23},"end":{"line":249,"column":10}},"68":{"start":{"line":251,"column":8},"end":{"line":255,"column":9}},"69":{"start":{"line":252,"column":12},"end":{"line":252,"column":41}},"70":{"start":{"line":254,"column":12},"end":{"line":254,"column":63}},"71":{"start":{"line":257,"column":8},"end":{"line":257,"column":38}},"72":{"start":{"line":258,"column":8},"end":{"line":258,"column":36}},"73":{"start":{"line":263,"column":0},"end":{"line":284,"column":2}},"74":{"start":{"line":264,"column":4},"end":{"line":283,"column":5}},"75":{"start":{"line":265,"column":26},"end":{"line":275,"column":10}},"76":{"start":{"line":277,"column":8},"end":{"line":279,"column":9}},"77":{"start":{"line":278,"column":12},"end":{"line":278,"column":51}},"78":{"start":{"line":280,"column":8},"end":{"line":280,"column":69}},"79":{"start":{"line":282,"column":8},"end":{"line":282,"column":43}},"80":{"start":{"line":289,"column":0},"end":{"line":301,"column":2}},"81":{"start":{"line":290,"column":4},"end":{"line":300,"column":5}},"82":{"start":{"line":291,"column":24},"end":{"line":295,"column":10}},"83":{"start":{"line":297,"column":8},"end":{"line":297,"column":93}},"84":{"start":{"line":299,"column":8},"end":{"line":299,"column":36}}},"fnMap":{"0":{"name":"(anonymous_0)","decl":{"start":{"line":37,"column":23},"end":{"line":37,"column":24}},"loc":{"start":{"line":37,"column":43},"end":{"line":83,"column":1}},"line":37},"1":{"name":"(anonymous_1)","decl":{"start":{"line":86,"column":20},"end":{"line":86,"column":21}},"loc":{"start":{"line":86,"column":40},"end":{"line":115,"column":1}},"line":86},"2":{"name":"(anonymous_2)","decl":{"start":{"line":118,"column":22},"end":{"line":118,"column":23}},"loc":{"start":{"line":118,"column":42},"end":{"line":135,"column":1}},"line":118},"3":{"name":"(anonymous_3)","decl":{"start":{"line":138,"column":22},"end":{"line":138,"column":23}},"loc":{"start":{"line":138,"column":42},"end":{"line":158,"column":1}},"line":138},"4":{"name":"(anonymous_4)","decl":{"start":{"line":161,"column":19},"end":{"line":161,"column":20}},"loc":{"start":{"line":161,"column":39},"end":{"line":202,"column":1}},"line":161},"5":{"name":"(anonymous_5)","decl":{"start":{"line":205,"column":23},"end":{"line":205,"column":24}},"loc":{"start":{"line":205,"column":43},"end":{"line":223,"column":1}},"line":205},"6":{"name":"(anonymous_6)","decl":{"start":{"line":226,"column":24},"end":{"line":226,"column":25}},"loc":{"start":{"line":226,"column":44},"end":{"line":260,"column":1}},"line":226},"7":{"name":"(anonymous_7)","decl":{"start":{"line":263,"column":29},"end":{"line":263,"column":30}},"loc":{"start":{"line":263,"column":49},"end":{"line":284,"column":1}},"line":263},"8":{"name":"(anonymous_8)","decl":{"start":{"line":289,"column":21},"end":{"line":289,"column":22}},"loc":{"start":{"line":289,"column":41},"end":{"line":301,"column":1}},"line":289}},"branchMap":{"0":{"loc":{"start":{"line":41,"column":8},"end":{"line":41,"column":34}},"type":"default-arg","locations":[{"start":{"line":41,"column":26},"end":{"line":41,"column":34}}],"line":41},"1":{"loc":{"start":{"line":42,"column":8},"end":{"line":42,"column":26}},"type":"default-arg","locations":[{"start":{"line":42,"column":22},"end":{"line":42,"column":26}}],"line":42},"2":{"loc":{"start":{"line":43,"column":8},"end":{"line":43,"column":26}},"type":"default-arg","locations":[{"start":{"line":43,"column":21},"end":{"line":43,"column":26}}],"line":43},"3":{"loc":{"start":{"line":47,"column":4},"end":{"line":49,"column":5}},"type":"if","locations":[{"start":{"line":47,"column":4},"end":{"line":49,"column":5}},{"start":{"line":47,"column":4},"end":{"line":49,"column":5}}],"line":47},"4":{"loc":{"start":{"line":47,"column":8},"end":{"line":47,"column":27}},"type":"binary-expr","locations":[{"start":{"line":47,"column":8},"end":{"line":47,"column":14}},{"start":{"line":47,"column":18},"end":{"line":47,"column":27}}],"line":47},"5":{"loc":{"start":{"line":61,"column":4},"end":{"line":82,"column":5}},"type":"if","locations":[{"start":{"line":61,"column":4},"end":{"line":82,"column":5}},{"start":{"line":61,"column":4},"end":{"line":82,"column":5}}],"line":61},"6":{"loc":{"start":{"line":70,"column":12},"end":{"line":76,"column":13}},"type":"if","locations":[{"start":{"line":70,"column":12},"end":{"line":76,"column":13}},{"start":{"line":70,"column":12},"end":{"line":76,"column":13}}],"line":70},"7":{"loc":{"start":{"line":89,"column":4},"end":{"line":91,"column":5}},"type":"if","locations":[{"start":{"line":89,"column":4},"end":{"line":91,"column":5}},{"start":{"line":89,"column":4},"end":{"line":91,"column":5}}],"line":89},"8":{"loc":{"start":{"line":89,"column":8},"end":{"line":89,"column":31}},"type":"binary-expr","locations":[{"start":{"line":89,"column":9},"end":{"line":89,"column":15}},{"start":{"line":89,"column":21},"end":{"line":89,"column":30}}],"line":89},"9":{"loc":{"start":{"line":106,"column":8},"end":{"line":111,"column":9}},"type":"if","locations":[{"start":{"line":106,"column":8},"end":{"line":111,"column":9}},{"start":{"line":106,"column":8},"end":{"line":111,"column":9}}],"line":106},"10":{"loc":{"start":{"line":127,"column":8},"end":{"line":129,"column":9}},"type":"if","locations":[{"start":{"line":127,"column":8},"end":{"line":129,"column":9}},{"start":{"line":127,"column":8},"end":{"line":129,"column":9}}],"line":127},"11":{"loc":{"start":{"line":150,"column":8},"end":{"line":152,"column":9}},"type":"if","locations":[{"start":{"line":150,"column":8},"end":{"line":152,"column":9}},{"start":{"line":150,"column":8},"end":{"line":152,"column":9}}],"line":150},"12":{"loc":{"start":{"line":217,"column":8},"end":{"line":217,"column":74}},"type":"if","locations":[{"start":{"line":217,"column":8},"end":{"line":217,"column":74}},{"start":{"line":217,"column":8},"end":{"line":217,"column":74}}],"line":217},"13":{"loc":{"start":{"line":251,"column":8},"end":{"line":255,"column":9}},"type":"if","locations":[{"start":{"line":251,"column":8},"end":{"line":255,"column":9}},{"start":{"line":251,"column":8},"end":{"line":255,"column":9}}],"line":251},"14":{"loc":{"start":{"line":277,"column":8},"end":{"line":279,"column":9}},"type":"if","locations":[{"start":{"line":277,"column":8},"end":{"line":279,"column":9}},{"start":{"line":277,"column":8},"end":{"line":279,"column":9}}],"line":277}},"s":{"0":1,"1":1,"2":1,"3":1,"4":1,"5":1,"6":1,"7":1,"8":1,"9":0,"10":1,"11":1,"12":1,"13":1,"14":1,"15":1,"16":1,"17":1,"18":1,"19":1,"20":1,"21":0,"22":0,"23":1,"24":0,"25":0,"26":0,"27":0,"28":0,"29":0,"30":0,"31":0,"32":0,"33":0,"34":0,"35":1,"36":1,"37":1,"38":1,"39":0,"40":1,"41":0,"42":1,"43":0,"44":0,"45":0,"46":0,"47":0,"48":0,"49":1,"50":0,"51":0,"52":0,"53":0,"54":0,"55":0,"56":1,"57":0,"58":0,"59":0,"60":0,"61":0,"62":0,"63":0,"64":0,"65":1,"66":0,"67":0,"68":0,"69":0,"70":0,"71":0,"72":0,"73":1,"74":0,"75":0,"76":0,"77":0,"78":0,"79":0,"80":1,"81":0,"82":0,"83":0,"84":0},"f":{"0":1,"1":0,"2":1,"3":0,"4":0,"5":0,"6":0,"7":0,"8":0},"b":{"0":[0],"1":[0],"2":[0],"3":[0,1],"4":[1,1],"5":[1,0],"6":[1,0],"7":[0,0],"8":[0,0],"9":[0,0],"10":[0,1],"11":[0,0],"12":[0,0],"13":[0,0],"14":[0,0]},"_coverageSchema":"43e27e138ebf9cfc5966b082cf9a028302ed4184","hash":"3edb9325aff5333b02fe9d4bd4b2f952e75a6d10"}
,"/Users/josephgordy/Projects/generosity_market/gm_prod_server/middleware/authenticateUser.js": {"path":"/Users/josephgordy/Projects/generosity_market/gm_prod_server/middleware/authenticateUser.js","statementMap":{"0":{"start":{"line":1,"column":15},"end":{"line":1,"column":32}},"1":{"start":{"line":2,"column":17},"end":{"line":2,"column":37}},"2":{"start":{"line":4,"column":25},"end":{"line":22,"column":1}},"3":{"start":{"line":5,"column":4},"end":{"line":21,"column":7}},"4":{"start":{"line":10,"column":8},"end":{"line":12,"column":9}},"5":{"start":{"line":11,"column":12},"end":{"line":11,"column":101}},"6":{"start":{"line":14,"column":31},"end":{"line":14,"column":67}},"7":{"start":{"line":16,"column":8},"end":{"line":18,"column":9}},"8":{"start":{"line":17,"column":12},"end":{"line":17,"column":36}},"9":{"start":{"line":20,"column":8},"end":{"line":20,"column":97}},"10":{"start":{"line":24,"column":0},"end":{"line":24,"column":34}}},"fnMap":{"0":{"name":"(anonymous_0)","decl":{"start":{"line":4,"column":25},"end":{"line":4,"column":26}},"loc":{"start":{"line":4,"column":55},"end":{"line":22,"column":1}},"line":4},"1":{"name":"(anonymous_1)","decl":{"start":{"line":9,"column":12},"end":{"line":9,"column":13}},"loc":{"start":{"line":9,"column":22},"end":{"line":21,"column":5}},"line":9}},"branchMap":{"0":{"loc":{"start":{"line":10,"column":8},"end":{"line":12,"column":9}},"type":"if","locations":[{"start":{"line":10,"column":8},"end":{"line":12,"column":9}},{"start":{"line":10,"column":8},"end":{"line":12,"column":9}}],"line":10},"1":{"loc":{"start":{"line":16,"column":8},"end":{"line":18,"column":9}},"type":"if","locations":[{"start":{"line":16,"column":8},"end":{"line":18,"column":9}},{"start":{"line":16,"column":8},"end":{"line":18,"column":9}}],"line":16}},"s":{"0":1,"1":1,"2":1,"3":0,"4":0,"5":0,"6":0,"7":0,"8":0,"9":0,"10":1},"f":{"0":0,"1":0},"b":{"0":[0,0],"1":[0,0]},"_coverageSchema":"43e27e138ebf9cfc5966b082cf9a028302ed4184","hash":"13b962cddf38e2fa334626e7d3bd841810e8e672"}
,"/Users/josephgordy/Projects/generosity_market/gm_prod_server/middleware/corsPolicy.js": {"path":"/Users/josephgordy/Projects/generosity_market/gm_prod_server/middleware/corsPolicy.js","statementMap":{"0":{"start":{"line":1,"column":19},"end":{"line":5,"column":1}},"1":{"start":{"line":2,"column":4},"end":{"line":2,"column":51}},"2":{"start":{"line":3,"column":4},"end":{"line":3,"column":97}},"3":{"start":{"line":4,"column":4},"end":{"line":4,"column":11}},"4":{"start":{"line":7,"column":0},"end":{"line":7,"column":28}}},"fnMap":{"0":{"name":"(anonymous_0)","decl":{"start":{"line":1,"column":19},"end":{"line":1,"column":20}},"loc":{"start":{"line":1,"column":39},"end":{"line":5,"column":1}},"line":1}},"branchMap":{},"s":{"0":1,"1":2,"2":2,"3":2,"4":1},"f":{"0":2},"b":{},"_coverageSchema":"43e27e138ebf9cfc5966b082cf9a028302ed4184","hash":"f662c9c528c457287fc9712f62c104b65448b297"}
,"/Users/josephgordy/Projects/generosity_market/gm_prod_server/middleware/index.js": {"path":"/Users/josephgordy/Projects/generosity_market/gm_prod_server/middleware/index.js","statementMap":{"0":{"start":{"line":1,"column":19},"end":{"line":1,"column":42}},"1":{"start":{"line":2,"column":25},"end":{"line":2,"column":54}},"2":{"start":{"line":4,"column":0},"end":{"line":7,"column":2}}},"fnMap":{},"branchMap":{},"s":{"0":1,"1":1,"2":1},"f":{},"b":{},"_coverageSchema":"43e27e138ebf9cfc5966b082cf9a028302ed4184","hash":"8e8fb69d578c42fd69f37bfaf654b964de212751"}
,"/Users/josephgordy/Projects/generosity_market/gm_prod_server/models/cause.js": {"path":"/Users/josephgordy/Projects/generosity_market/gm_prod_server/models/cause.js","statementMap":{"0":{"start":{"line":2,"column":0},"end":{"line":40,"column":2}},"1":{"start":{"line":3,"column":18},"end":{"line":15,"column":10}},"2":{"start":{"line":17,"column":4},"end":{"line":37,"column":6}},"3":{"start":{"line":18,"column":8},"end":{"line":21,"column":11}},"4":{"start":{"line":23,"column":8},"end":{"line":26,"column":11}},"5":{"start":{"line":28,"column":8},"end":{"line":31,"column":11}},"6":{"start":{"line":33,"column":8},"end":{"line":36,"column":11}},"7":{"start":{"line":39,"column":4},"end":{"line":39,"column":17}}},"fnMap":{"0":{"name":"(anonymous_0)","decl":{"start":{"line":2,"column":17},"end":{"line":2,"column":18}},"loc":{"start":{"line":2,"column":43},"end":{"line":40,"column":1}},"line":2},"1":{"name":"(anonymous_1)","decl":{"start":{"line":17,"column":22},"end":{"line":17,"column":23}},"loc":{"start":{"line":17,"column":34},"end":{"line":37,"column":5}},"line":17}},"branchMap":{},"s":{"0":1,"1":1,"2":1,"3":1,"4":1,"5":1,"6":1,"7":1},"f":{"0":1,"1":1},"b":{},"_coverageSchema":"43e27e138ebf9cfc5966b082cf9a028302ed4184","hash":"e866309343bcca2d4fe4f31cbfd30fb81ff53cc3"}
,"/Users/josephgordy/Projects/generosity_market/gm_prod_server/models/comment.js": {"path":"/Users/josephgordy/Projects/generosity_market/gm_prod_server/models/comment.js","statementMap":{"0":{"start":{"line":2,"column":0},"end":{"line":24,"column":2}},"1":{"start":{"line":3,"column":20},"end":{"line":10,"column":10}},"2":{"start":{"line":12,"column":4},"end":{"line":21,"column":6}},"3":{"start":{"line":13,"column":8},"end":{"line":16,"column":11}},"4":{"start":{"line":17,"column":8},"end":{"line":20,"column":11}},"5":{"start":{"line":23,"column":4},"end":{"line":23,"column":19}}},"fnMap":{"0":{"name":"(anonymous_0)","decl":{"start":{"line":2,"column":17},"end":{"line":2,"column":18}},"loc":{"start":{"line":2,"column":43},"end":{"line":24,"column":1}},"line":2},"1":{"name":"(anonymous_1)","decl":{"start":{"line":12,"column":24},"end":{"line":12,"column":25}},"loc":{"start":{"line":12,"column":36},"end":{"line":21,"column":5}},"line":12}},"branchMap":{},"s":{"0":1,"1":1,"2":1,"3":1,"4":1,"5":1},"f":{"0":1,"1":1},"b":{},"_coverageSchema":"43e27e138ebf9cfc5966b082cf9a028302ed4184","hash":"243bf2a86dad2a435b52c635b70e6ac1ef001a4f"}
,"/Users/josephgordy/Projects/generosity_market/gm_prod_server/models/donation.js": {"path":"/Users/josephgordy/Projects/generosity_market/gm_prod_server/models/donation.js","statementMap":{"0":{"start":{"line":2,"column":0},"end":{"line":30,"column":2}},"1":{"start":{"line":3,"column":21},"end":{"line":10,"column":10}},"2":{"start":{"line":12,"column":4},"end":{"line":27,"column":6}},"3":{"start":{"line":13,"column":8},"end":{"line":16,"column":11}},"4":{"start":{"line":18,"column":8},"end":{"line":21,"column":11}},"5":{"start":{"line":23,"column":8},"end":{"line":26,"column":11}},"6":{"start":{"line":29,"column":4},"end":{"line":29,"column":20}}},"fnMap":{"0":{"name":"(anonymous_0)","decl":{"start":{"line":2,"column":17},"end":{"line":2,"column":18}},"loc":{"start":{"line":2,"column":43},"end":{"line":30,"column":1}},"line":2},"1":{"name":"(anonymous_1)","decl":{"start":{"line":12,"column":25},"end":{"line":12,"column":26}},"loc":{"start":{"line":12,"column":37},"end":{"line":27,"column":5}},"line":12}},"branchMap":{},"s":{"0":1,"1":1,"2":1,"3":1,"4":1,"5":1,"6":1},"f":{"0":1,"1":1},"b":{},"_coverageSchema":"43e27e138ebf9cfc5966b082cf9a028302ed4184","hash":"9550eb1d5dc4bbde905e6f4fb60b603be0caccca"}
,"/Users/josephgordy/Projects/generosity_market/gm_prod_server/models/index.js": {"path":"/Users/josephgordy/Projects/generosity_market/gm_prod_server/models/index.js","statementMap":{"0":{"start":{"line":1,"column":11},"end":{"line":1,"column":24}},"1":{"start":{"line":2,"column":13},"end":{"line":2,"column":28}},"2":{"start":{"line":3,"column":18},"end":{"line":3,"column":38}},"3":{"start":{"line":4,"column":19},"end":{"line":4,"column":46}},"4":{"start":{"line":6,"column":17},"end":{"line":6,"column":42}},"5":{"start":{"line":7,"column":12},"end":{"line":7,"column":49}},"6":{"start":{"line":8,"column":15},"end":{"line":8,"column":30}},"7":{"start":{"line":9,"column":11},"end":{"line":9,"column":13}},"8":{"start":{"line":12,"column":0},"end":{"line":16,"column":1}},"9":{"start":{"line":13,"column":4},"end":{"line":13,"column":50}},"10":{"start":{"line":15,"column":4},"end":{"line":15,"column":89}},"11":{"start":{"line":18,"column":0},"end":{"line":24,"column":7}},"12":{"start":{"line":20,"column":22},"end":{"line":20,"column":100}},"13":{"start":{"line":22,"column":22},"end":{"line":22,"column":66}},"14":{"start":{"line":23,"column":8},"end":{"line":23,"column":31}},"15":{"start":{"line":26,"column":0},"end":{"line":30,"column":3}},"16":{"start":{"line":27,"column":4},"end":{"line":29,"column":5}},"17":{"start":{"line":28,"column":8},"end":{"line":28,"column":36}},"18":{"start":{"line":32,"column":0},"end":{"line":32,"column":25}},"19":{"start":{"line":33,"column":0},"end":{"line":33,"column":25}},"20":{"start":{"line":35,"column":0},"end":{"line":35,"column":20}}},"fnMap":{"0":{"name":"(anonymous_0)","decl":{"start":{"line":20,"column":12},"end":{"line":20,"column":13}},"loc":{"start":{"line":20,"column":22},"end":{"line":20,"column":100}},"line":20},"1":{"name":"(anonymous_1)","decl":{"start":{"line":21,"column":13},"end":{"line":21,"column":14}},"loc":{"start":{"line":21,"column":23},"end":{"line":24,"column":5}},"line":21},"2":{"name":"(anonymous_2)","decl":{"start":{"line":26,"column":24},"end":{"line":26,"column":25}},"loc":{"start":{"line":26,"column":39},"end":{"line":30,"column":1}},"line":26}},"branchMap":{"0":{"loc":{"start":{"line":7,"column":12},"end":{"line":7,"column":49}},"type":"binary-expr","locations":[{"start":{"line":7,"column":12},"end":{"line":7,"column":32}},{"start":{"line":7,"column":36},"end":{"line":7,"column":49}}],"line":7},"1":{"loc":{"start":{"line":12,"column":0},"end":{"line":16,"column":1}},"type":"if","locations":[{"start":{"line":12,"column":0},"end":{"line":16,"column":1}},{"start":{"line":12,"column":0},"end":{"line":16,"column":1}}],"line":12},"2":{"loc":{"start":{"line":20,"column":22},"end":{"line":20,"column":100}},"type":"binary-expr","locations":[{"start":{"line":20,"column":23},"end":{"line":20,"column":46}},{"start":{"line":20,"column":52},"end":{"line":20,"column":69}},{"start":{"line":20,"column":75},"end":{"line":20,"column":99}}],"line":20},"3":{"loc":{"start":{"line":27,"column":4},"end":{"line":29,"column":5}},"type":"if","locations":[{"start":{"line":27,"column":4},"end":{"line":29,"column":5}},{"start":{"line":27,"column":4},"end":{"line":29,"column":5}}],"line":27}},"s":{"0":1,"1":1,"2":1,"3":1,"4":1,"5":1,"6":1,"7":1,"8":1,"9":1,"10":0,"11":1,"12":7,"13":6,"14":6,"15":1,"16":6,"17":6,"18":1,"19":1,"20":1},"f":{"0":7,"1":6,"2":6},"b":{"0":[1,0],"1":[1,0],"2":[7,7,6],"3":[6,0]},"_coverageSchema":"43e27e138ebf9cfc5966b082cf9a028302ed4184","hash":"d536bc0a5870f55091c1b7416b6d1df51f317585"}
,"/Users/josephgordy/Projects/generosity_market/gm_prod_server/models/organization.js": {"path":"/Users/josephgordy/Projects/generosity_market/gm_prod_server/models/organization.js","statementMap":{"0":{"start":{"line":1,"column":0},"end":{"line":33,"column":2}},"1":{"start":{"line":2,"column":25},"end":{"line":15,"column":10}},"2":{"start":{"line":17,"column":4},"end":{"line":30,"column":6}},"3":{"start":{"line":18,"column":8},"end":{"line":21,"column":11}},"4":{"start":{"line":22,"column":8},"end":{"line":25,"column":11}},"5":{"start":{"line":26,"column":8},"end":{"line":29,"column":11}},"6":{"start":{"line":32,"column":4},"end":{"line":32,"column":24}}},"fnMap":{"0":{"name":"(anonymous_0)","decl":{"start":{"line":1,"column":17},"end":{"line":1,"column":18}},"loc":{"start":{"line":1,"column":43},"end":{"line":33,"column":1}},"line":1},"1":{"name":"(anonymous_1)","decl":{"start":{"line":17,"column":29},"end":{"line":17,"column":30}},"loc":{"start":{"line":17,"column":41},"end":{"line":30,"column":5}},"line":17}},"branchMap":{},"s":{"0":1,"1":1,"2":1,"3":1,"4":1,"5":1,"6":1},"f":{"0":1,"1":1},"b":{},"_coverageSchema":"43e27e138ebf9cfc5966b082cf9a028302ed4184","hash":"8faf9c07c31f9970058c87a6fc4d03f7d6dc9e6a"}
,"/Users/josephgordy/Projects/generosity_market/gm_prod_server/models/preference.js": {"path":"/Users/josephgordy/Projects/generosity_market/gm_prod_server/models/preference.js","statementMap":{"0":{"start":{"line":1,"column":0},"end":{"line":26,"column":2}},"1":{"start":{"line":2,"column":23},"end":{"line":8,"column":10}},"2":{"start":{"line":10,"column":4},"end":{"line":23,"column":6}},"3":{"start":{"line":11,"column":8},"end":{"line":14,"column":11}},"4":{"start":{"line":15,"column":8},"end":{"line":18,"column":11}},"5":{"start":{"line":19,"column":8},"end":{"line":22,"column":11}},"6":{"start":{"line":25,"column":4},"end":{"line":25,"column":22}}},"fnMap":{"0":{"name":"(anonymous_0)","decl":{"start":{"line":1,"column":17},"end":{"line":1,"column":18}},"loc":{"start":{"line":1,"column":43},"end":{"line":26,"column":1}},"line":1},"1":{"name":"(anonymous_1)","decl":{"start":{"line":10,"column":27},"end":{"line":10,"column":28}},"loc":{"start":{"line":10,"column":39},"end":{"line":23,"column":5}},"line":10}},"branchMap":{},"s":{"0":1,"1":1,"2":1,"3":1,"4":1,"5":1,"6":1},"f":{"0":1,"1":1},"b":{},"_coverageSchema":"43e27e138ebf9cfc5966b082cf9a028302ed4184","hash":"a1a6ec99739b9673557f98de3acae1284da0b177"}
,"/Users/josephgordy/Projects/generosity_market/gm_prod_server/models/user.js": {"path":"/Users/josephgordy/Projects/generosity_market/gm_prod_server/models/user.js","statementMap":{"0":{"start":{"line":1,"column":0},"end":{"line":42,"column":2}},"1":{"start":{"line":2,"column":17},"end":{"line":16,"column":10}},"2":{"start":{"line":18,"column":4},"end":{"line":39,"column":6}},"3":{"start":{"line":19,"column":8},"end":{"line":22,"column":11}},"4":{"start":{"line":23,"column":8},"end":{"line":26,"column":11}},"5":{"start":{"line":27,"column":8},"end":{"line":30,"column":11}},"6":{"start":{"line":31,"column":8},"end":{"line":34,"column":11}},"7":{"start":{"line":35,"column":8},"end":{"line":38,"column":11}},"8":{"start":{"line":41,"column":4},"end":{"line":41,"column":16}}},"fnMap":{"0":{"name":"(anonymous_0)","decl":{"start":{"line":1,"column":17},"end":{"line":1,"column":18}},"loc":{"start":{"line":1,"column":43},"end":{"line":42,"column":1}},"line":1},"1":{"name":"(anonymous_1)","decl":{"start":{"line":18,"column":21},"end":{"line":18,"column":22}},"loc":{"start":{"line":18,"column":33},"end":{"line":39,"column":5}},"line":18}},"branchMap":{},"s":{"0":1,"1":1,"2":1,"3":1,"4":1,"5":1,"6":1,"7":1,"8":1},"f":{"0":1,"1":1},"b":{},"_coverageSchema":"43e27e138ebf9cfc5966b082cf9a028302ed4184","hash":"6090ae404363d92835cb8ad64209fd00f190082e"}
,"/Users/josephgordy/Projects/generosity_market/gm_prod_server/routes/documentation.js": {"path":"/Users/josephgordy/Projects/generosity_market/gm_prod_server/routes/documentation.js","statementMap":{"0":{"start":{"line":1,"column":16},"end":{"line":1,"column":34}},"1":{"start":{"line":3,"column":15},"end":{"line":3,"column":31}},"2":{"start":{"line":10,"column":0},"end":{"line":15,"column":3}},"3":{"start":{"line":11,"column":4},"end":{"line":14,"column":7}},"4":{"start":{"line":17,"column":0},"end":{"line":17,"column":24}}},"fnMap":{"0":{"name":"(anonymous_0)","decl":{"start":{"line":10,"column":16},"end":{"line":10,"column":17}},"loc":{"start":{"line":10,"column":30},"end":{"line":15,"column":1}},"line":10}},"branchMap":{},"s":{"0":1,"1":1,"2":1,"3":0,"4":1},"f":{"0":0},"b":{},"_coverageSchema":"43e27e138ebf9cfc5966b082cf9a028302ed4184","hash":"be5e698d9c81cd21a7ca214db83e2f0ff243cff1"}
,"/Users/josephgordy/Projects/generosity_market/gm_prod_server/routes/index.js": {"path":"/Users/josephgordy/Projects/generosity_market/gm_prod_server/routes/index.js","statementMap":{"0":{"start":{"line":1,"column":0},"end":{"line":1,"column":27}},"1":{"start":{"line":2,"column":16},"end":{"line":2,"column":34}},"2":{"start":{"line":3,"column":17},"end":{"line":3,"column":36}},"3":{"start":{"line":4,"column":26},"end":{"line":4,"column":50}},"4":{"start":{"line":6,"column":22},"end":{"line":6,"column":48}},"5":{"start":{"line":7,"column":14},"end":{"line":7,"column":32}},"6":{"start":{"line":16,"column":4},"end":{"line":16,"column":28}},"7":{"start":{"line":18,"column":15},"end":{"line":18,"column":31}},"8":{"start":{"line":21,"column":0},"end":{"line":30,"column":3}},"9":{"start":{"line":23,"column":29},"end":{"line":23,"column":44}},"10":{"start":{"line":25,"column":8},"end":{"line":25,"column":52}},"11":{"start":{"line":25,"column":27},"end":{"line":25,"column":52}},"12":{"start":{"line":26,"column":8},"end":{"line":26,"column":64}},"13":{"start":{"line":26,"column":39},"end":{"line":26,"column":64}},"14":{"start":{"line":28,"column":8},"end":{"line":28,"column":36}},"15":{"start":{"line":33,"column":0},"end":{"line":33,"column":23}},"16":{"start":{"line":35,"column":0},"end":{"line":35,"column":31}},"17":{"start":{"line":36,"column":0},"end":{"line":36,"column":35}},"18":{"start":{"line":37,"column":0},"end":{"line":37,"column":28}},"19":{"start":{"line":45,"column":0},"end":{"line":45,"column":24}}},"fnMap":{"0":{"name":"(anonymous_0)","decl":{"start":{"line":22,"column":4},"end":{"line":22,"column":5}},"loc":{"start":{"line":22,"column":34},"end":{"line":29,"column":5}},"line":22}},"branchMap":{"0":{"loc":{"start":{"line":25,"column":8},"end":{"line":25,"column":52}},"type":"if","locations":[{"start":{"line":25,"column":8},"end":{"line":25,"column":52}},{"start":{"line":25,"column":8},"end":{"line":25,"column":52}}],"line":25},"1":{"loc":{"start":{"line":26,"column":8},"end":{"line":26,"column":64}},"type":"if","locations":[{"start":{"line":26,"column":8},"end":{"line":26,"column":64}},{"start":{"line":26,"column":8},"end":{"line":26,"column":64}}],"line":26}},"s":{"0":1,"1":1,"2":1,"3":1,"4":1,"5":1,"6":1,"7":1,"8":1,"9":0,"10":0,"11":0,"12":0,"13":0,"14":0,"15":1,"16":1,"17":1,"18":1,"19":1},"f":{"0":0},"b":{"0":[0,0],"1":[0,0]},"_coverageSchema":"43e27e138ebf9cfc5966b082cf9a028302ed4184","hash":"11f63969acd9f40ed2f54970bc9331d589dd1310"}
,"/Users/josephgordy/Projects/generosity_market/gm_prod_server/routes/users.js": {"path":"/Users/josephgordy/Projects/generosity_market/gm_prod_server/routes/users.js","statementMap":{"0":{"start":{"line":1,"column":16},"end":{"line":1,"column":34}},"1":{"start":{"line":3,"column":15},"end":{"line":3,"column":31}},"2":{"start":{"line":15,"column":4},"end":{"line":15,"column":35}},"3":{"start":{"line":18,"column":0},"end":{"line":18,"column":31}},"4":{"start":{"line":21,"column":0},"end":{"line":21,"column":33}},"5":{"start":{"line":24,"column":0},"end":{"line":24,"column":29}},"6":{"start":{"line":27,"column":0},"end":{"line":27,"column":32}},"7":{"start":{"line":30,"column":0},"end":{"line":30,"column":41}},"8":{"start":{"line":33,"column":0},"end":{"line":33,"column":49}},"9":{"start":{"line":36,"column":0},"end":{"line":36,"column":35}},"10":{"start":{"line":38,"column":0},"end":{"line":38,"column":41}},"11":{"start":{"line":41,"column":0},"end":{"line":41,"column":34}},"12":{"start":{"line":43,"column":0},"end":{"line":43,"column":24}}},"fnMap":{},"branchMap":{},"s":{"0":1,"1":1,"2":1,"3":1,"4":1,"5":1,"6":1,"7":1,"8":1,"9":1,"10":1,"11":1,"12":1},"f":{},"b":{},"_coverageSchema":"43e27e138ebf9cfc5966b082cf9a028302ed4184","hash":"9dbaed2e18688c675b09101d9f97be340dfd003c"}
,"/Users/josephgordy/Projects/generosity_market/gm_prod_server/utilities/authentication.js": {"path":"/Users/josephgordy/Projects/generosity_market/gm_prod_server/utilities/authentication.js","statementMap":{"0":{"start":{"line":1,"column":15},"end":{"line":1,"column":32}},"1":{"start":{"line":4,"column":0},"end":{"line":8,"column":2}},"2":{"start":{"line":5,"column":17},"end":{"line":5,"column":39}},"3":{"start":{"line":6,"column":25},"end":{"line":6,"column":56}},"4":{"start":{"line":7,"column":4},"end":{"line":7,"column":24}}},"fnMap":{"0":{"name":"(anonymous_0)","decl":{"start":{"line":4,"column":23},"end":{"line":4,"column":24}},"loc":{"start":{"line":4,"column":37},"end":{"line":8,"column":1}},"line":4}},"branchMap":{},"s":{"0":1,"1":1,"2":1,"3":1,"4":1},"f":{"0":1},"b":{},"_coverageSchema":"43e27e138ebf9cfc5966b082cf9a028302ed4184","hash":"3cd6a5f96c25da6a5ecdc6a1710c10faed4d92b2"}
,"/Users/josephgordy/Projects/generosity_market/gm_prod_server/utilities/awsUploads.js": {"path":"/Users/josephgordy/Projects/generosity_market/gm_prod_server/utilities/awsUploads.js","statementMap":{"0":{"start":{"line":1,"column":11},"end":{"line":1,"column":24}},"1":{"start":{"line":2,"column":12},"end":{"line":2,"column":30}},"2":{"start":{"line":3,"column":17},"end":{"line":3,"column":36}},"3":{"start":{"line":4,"column":19},"end":{"line":4,"column":40}},"4":{"start":{"line":7,"column":0},"end":{"line":10,"column":3}},"5":{"start":{"line":13,"column":0},"end":{"line":13,"column":43}},"6":{"start":{"line":16,"column":11},"end":{"line":16,"column":46}},"7":{"start":{"line":18,"column":22},"end":{"line":29,"column":1}},"8":{"start":{"line":19,"column":4},"end":{"line":28,"column":5}},"9":{"start":{"line":21,"column":12},"end":{"line":21,"column":48}},"10":{"start":{"line":23,"column":12},"end":{"line":23,"column":47}},"11":{"start":{"line":25,"column":12},"end":{"line":25,"column":55}},"12":{"start":{"line":27,"column":12},"end":{"line":27,"column":24}},"13":{"start":{"line":31,"column":28},"end":{"line":36,"column":2}},"14":{"start":{"line":31,"column":47},"end":{"line":36,"column":1}},"15":{"start":{"line":38,"column":24},"end":{"line":55,"column":2}},"16":{"start":{"line":38,"column":33},"end":{"line":55,"column":2}},"17":{"start":{"line":39,"column":17},"end":{"line":39,"column":38}},"18":{"start":{"line":41,"column":4},"end":{"line":54,"column":7}},"19":{"start":{"line":42,"column":8},"end":{"line":42,"column":40}},"20":{"start":{"line":42,"column":19},"end":{"line":42,"column":40}},"21":{"start":{"line":44,"column":45},"end":{"line":44,"column":50}},"22":{"start":{"line":46,"column":28},"end":{"line":46,"column":44}},"23":{"start":{"line":47,"column":31},"end":{"line":47,"column":106}},"24":{"start":{"line":48,"column":29},"end":{"line":48,"column":98}},"25":{"start":{"line":51,"column":8},"end":{"line":53,"column":11}},"26":{"start":{"line":57,"column":22},"end":{"line":73,"column":1}},"27":{"start":{"line":58,"column":19},"end":{"line":58,"column":68}},"28":{"start":{"line":59,"column":4},"end":{"line":72,"column":5}},"29":{"start":{"line":60,"column":8},"end":{"line":60,"column":36}},"30":{"start":{"line":61,"column":26},"end":{"line":61,"column":62}},"31":{"start":{"line":62,"column":20},"end":{"line":62,"column":66}},"32":{"start":{"line":64,"column":8},"end":{"line":64,"column":56}},"33":{"start":{"line":66,"column":8},"end":{"line":66,"column":37}},"34":{"start":{"line":68,"column":8},"end":{"line":68,"column":90}},"35":{"start":{"line":68,"column":38},"end":{"line":68,"column":90}},"36":{"start":{"line":70,"column":8},"end":{"line":70,"column":49}},"37":{"start":{"line":71,"column":8},"end":{"line":71,"column":25}},"38":{"start":{"line":75,"column":19},"end":{"line":84,"column":1}},"39":{"start":{"line":76,"column":19},"end":{"line":82,"column":5}},"40":{"start":{"line":83,"column":4},"end":{"line":83,"column":39}},"41":{"start":{"line":86,"column":0},"end":{"line":113,"column":2}},"42":{"start":{"line":87,"column":25},"end":{"line":87,"column":27}},"43":{"start":{"line":89,"column":4},"end":{"line":99,"column":5}},"44":{"start":{"line":90,"column":33},"end":{"line":90,"column":88}},"45":{"start":{"line":92,"column":8},"end":{"line":98,"column":9}},"46":{"start":{"line":93,"column":12},"end":{"line":93,"column":58}},"47":{"start":{"line":95,"column":37},"end":{"line":96,"column":64}},"48":{"start":{"line":97,"column":12},"end":{"line":97,"column":63}},"49":{"start":{"line":101,"column":4},"end":{"line":110,"column":5}},"50":{"start":{"line":102,"column":31},"end":{"line":102,"column":84}},"51":{"start":{"line":104,"column":8},"end":{"line":109,"column":9}},"52":{"start":{"line":105,"column":12},"end":{"line":105,"column":62}},"53":{"start":{"line":107,"column":35},"end":{"line":107,"column":94}},"54":{"start":{"line":108,"column":12},"end":{"line":108,"column":67}},"55":{"start":{"line":112,"column":4},"end":{"line":112,"column":24}},"56":{"start":{"line":115,"column":0},"end":{"line":115,"column":42}},"57":{"start":{"line":116,"column":0},"end":{"line":116,"column":38}},"58":{"start":{"line":117,"column":0},"end":{"line":117,"column":32}}},"fnMap":{"0":{"name":"(anonymous_0)","decl":{"start":{"line":18,"column":22},"end":{"line":18,"column":23}},"loc":{"start":{"line":18,"column":38},"end":{"line":29,"column":1}},"line":18},"1":{"name":"(anonymous_1)","decl":{"start":{"line":31,"column":28},"end":{"line":31,"column":29}},"loc":{"start":{"line":31,"column":47},"end":{"line":36,"column":1}},"line":31},"2":{"name":"(anonymous_2)","decl":{"start":{"line":38,"column":24},"end":{"line":38,"column":25}},"loc":{"start":{"line":38,"column":33},"end":{"line":55,"column":2}},"line":38},"3":{"name":"(anonymous_3)","decl":{"start":{"line":38,"column":45},"end":{"line":38,"column":46}},"loc":{"start":{"line":38,"column":66},"end":{"line":55,"column":1}},"line":38},"4":{"name":"(anonymous_4)","decl":{"start":{"line":41,"column":20},"end":{"line":41,"column":21}},"loc":{"start":{"line":41,"column":46},"end":{"line":54,"column":5}},"line":41},"5":{"name":"(anonymous_5)","decl":{"start":{"line":57,"column":22},"end":{"line":57,"column":23}},"loc":{"start":{"line":57,"column":55},"end":{"line":73,"column":1}},"line":57},"6":{"name":"(anonymous_6)","decl":{"start":{"line":75,"column":19},"end":{"line":75,"column":20}},"loc":{"start":{"line":75,"column":41},"end":{"line":84,"column":1}},"line":75},"7":{"name":"(anonymous_7)","decl":{"start":{"line":86,"column":27},"end":{"line":86,"column":28}},"loc":{"start":{"line":86,"column":84},"end":{"line":113,"column":1}},"line":86}},"branchMap":{"0":{"loc":{"start":{"line":19,"column":4},"end":{"line":28,"column":5}},"type":"switch","locations":[{"start":{"line":20,"column":8},"end":{"line":21,"column":48}},{"start":{"line":22,"column":8},"end":{"line":23,"column":47}},{"start":{"line":24,"column":8},"end":{"line":25,"column":55}},{"start":{"line":26,"column":8},"end":{"line":27,"column":24}}],"line":19},"1":{"loc":{"start":{"line":42,"column":8},"end":{"line":42,"column":40}},"type":"if","locations":[{"start":{"line":42,"column":8},"end":{"line":42,"column":40}},{"start":{"line":42,"column":8},"end":{"line":42,"column":40}}],"line":42},"2":{"loc":{"start":{"line":47,"column":31},"end":{"line":47,"column":106}},"type":"cond-expr","locations":[{"start":{"line":47,"column":46},"end":{"line":47,"column":99}},{"start":{"line":47,"column":102},"end":{"line":47,"column":106}}],"line":47},"3":{"loc":{"start":{"line":48,"column":29},"end":{"line":48,"column":98}},"type":"cond-expr","locations":[{"start":{"line":48,"column":42},"end":{"line":48,"column":91}},{"start":{"line":48,"column":94},"end":{"line":48,"column":98}}],"line":48},"4":{"loc":{"start":{"line":68,"column":8},"end":{"line":68,"column":90}},"type":"if","locations":[{"start":{"line":68,"column":8},"end":{"line":68,"column":90}},{"start":{"line":68,"column":8},"end":{"line":68,"column":90}}],"line":68},"5":{"loc":{"start":{"line":89,"column":4},"end":{"line":99,"column":5}},"type":"if","locations":[{"start":{"line":89,"column":4},"end":{"line":99,"column":5}},{"start":{"line":89,"column":4},"end":{"line":99,"column":5}}],"line":89},"6":{"loc":{"start":{"line":92,"column":8},"end":{"line":98,"column":9}},"type":"if","locations":[{"start":{"line":92,"column":8},"end":{"line":98,"column":9}},{"start":{"line":92,"column":8},"end":{"line":98,"column":9}}],"line":92},"7":{"loc":{"start":{"line":95,"column":37},"end":{"line":96,"column":64}},"type":"binary-expr","locations":[{"start":{"line":95,"column":37},"end":{"line":95,"column":51}},{"start":{"line":96,"column":19},"end":{"line":96,"column":64}}],"line":95},"8":{"loc":{"start":{"line":101,"column":4},"end":{"line":110,"column":5}},"type":"if","locations":[{"start":{"line":101,"column":4},"end":{"line":110,"column":5}},{"start":{"line":101,"column":4},"end":{"line":110,"column":5}}],"line":101},"9":{"loc":{"start":{"line":104,"column":8},"end":{"line":109,"column":9}},"type":"if","locations":[{"start":{"line":104,"column":8},"end":{"line":109,"column":9}},{"start":{"line":104,"column":8},"end":{"line":109,"column":9}}],"line":104},"10":{"loc":{"start":{"line":107,"column":35},"end":{"line":107,"column":94}},"type":"binary-expr","locations":[{"start":{"line":107,"column":35},"end":{"line":107,"column":47}},{"start":{"line":107,"column":51},"end":{"line":107,"column":94}}],"line":107}},"s":{"0":1,"1":1,"2":1,"3":1,"4":1,"5":1,"6":1,"7":1,"8":0,"9":0,"10":0,"11":0,"12":0,"13":1,"14":0,"15":1,"16":0,"17":0,"18":0,"19":0,"20":0,"21":0,"22":0,"23":0,"24":0,"25":0,"26":1,"27":0,"28":0,"29":0,"30":0,"31":0,"32":0,"33":0,"34":0,"35":0,"36":0,"37":0,"38":1,"39":0,"40":0,"41":1,"42":0,"43":0,"44":0,"45":0,"46":0,"47":0,"48":0,"49":0,"50":0,"51":0,"52":0,"53":0,"54":0,"55":0,"56":1,"57":1,"58":1},"f":{"0":0,"1":0,"2":0,"3":0,"4":0,"5":0,"6":0,"7":0},"b":{"0":[0,0,0,0],"1":[0,0],"2":[0,0],"3":[0,0],"4":[0,0],"5":[0,0],"6":[0,0],"7":[0,0],"8":[0,0],"9":[0,0],"10":[0,0]},"_coverageSchema":"43e27e138ebf9cfc5966b082cf9a028302ed4184","hash":"78618b21037bb4e3fcd2bc55b2c2cf9a8d60aece"}
,"/Users/josephgordy/Projects/generosity_market/gm_prod_server/utilities/error.js": {"path":"/Users/josephgordy/Projects/generosity_market/gm_prod_server/utilities/error.js","statementMap":{"0":{"start":{"line":3,"column":8},"end":{"line":3,"column":16}},"1":{"start":{"line":4,"column":8},"end":{"line":4,"column":37}},"2":{"start":{"line":5,"column":8},"end":{"line":5,"column":31}},"3":{"start":{"line":9,"column":20},"end":{"line":16,"column":1}},"4":{"start":{"line":10,"column":36},"end":{"line":10,"column":39}},"5":{"start":{"line":11,"column":4},"end":{"line":15,"column":7}},"6":{"start":{"line":18,"column":0},"end":{"line":21,"column":2}}},"fnMap":{"0":{"name":"(anonymous_0)","decl":{"start":{"line":2,"column":4},"end":{"line":2,"column":5}},"loc":{"start":{"line":2,"column":37},"end":{"line":6,"column":5}},"line":2},"1":{"name":"(anonymous_1)","decl":{"start":{"line":9,"column":20},"end":{"line":9,"column":21}},"loc":{"start":{"line":9,"column":34},"end":{"line":16,"column":1}},"line":9}},"branchMap":{},"s":{"0":0,"1":0,"2":0,"3":1,"4":0,"5":0,"6":1},"f":{"0":0,"1":0},"b":{},"_coverageSchema":"43e27e138ebf9cfc5966b082cf9a028302ed4184","hash":"d424edc17a6fb78fbe8054b2f35e0e4e46fcf059"}
,"/Users/josephgordy/Projects/generosity_market/gm_prod_server/utilities/index.js": {"path":"/Users/josephgordy/Projects/generosity_market/gm_prod_server/utilities/index.js","statementMap":{"0":{"start":{"line":1,"column":43},"end":{"line":1,"column":66}},"1":{"start":{"line":2,"column":25},"end":{"line":2,"column":52}},"2":{"start":{"line":3,"column":17},"end":{"line":3,"column":40}},"3":{"start":{"line":5,"column":0},"end":{"line":10,"column":2}}},"fnMap":{},"branchMap":{},"s":{"0":1,"1":1,"2":1,"3":1},"f":{},"b":{},"_coverageSchema":"43e27e138ebf9cfc5966b082cf9a028302ed4184","hash":"2c627453a4a3713855249c4fd93e1d38a8bab141"}
,"/Users/josephgordy/Projects/generosity_market/gm_prod_server/utilities/transforms.js": {"path":"/Users/josephgordy/Projects/generosity_market/gm_prod_server/utilities/transforms.js","statementMap":{"0":{"start":{"line":2,"column":0},"end":{"line":12,"column":2}},"1":{"start":{"line":3,"column":17},"end":{"line":3,"column":33}},"2":{"start":{"line":4,"column":26},"end":{"line":4,"column":28}},"3":{"start":{"line":6,"column":4},"end":{"line":10,"column":5}},"4":{"start":{"line":6,"column":17},"end":{"line":6,"column":18}},"5":{"start":{"line":7,"column":8},"end":{"line":9,"column":9}},"6":{"start":{"line":8,"column":12},"end":{"line":8,"column":50}},"7":{"start":{"line":11,"column":4},"end":{"line":11,"column":25}},"8":{"start":{"line":15,"column":0},"end":{"line":35,"column":2}},"9":{"start":{"line":16,"column":4},"end":{"line":34,"column":5}},"10":{"start":{"line":18,"column":12},"end":{"line":18,"column":128}},"11":{"start":{"line":21,"column":12},"end":{"line":21,"column":47}},"12":{"start":{"line":24,"column":12},"end":{"line":24,"column":145}},"13":{"start":{"line":27,"column":12},"end":{"line":27,"column":136}},"14":{"start":{"line":30,"column":12},"end":{"line":30,"column":53}},"15":{"start":{"line":33,"column":12},"end":{"line":33,"column":22}}},"fnMap":{"0":{"name":"(anonymous_0)","decl":{"start":{"line":2,"column":26},"end":{"line":2,"column":27}},"loc":{"start":{"line":2,"column":47},"end":{"line":12,"column":1}},"line":2},"1":{"name":"(anonymous_1)","decl":{"start":{"line":15,"column":24},"end":{"line":15,"column":25}},"loc":{"start":{"line":15,"column":38},"end":{"line":35,"column":1}},"line":15}},"branchMap":{"0":{"loc":{"start":{"line":7,"column":8},"end":{"line":9,"column":9}},"type":"if","locations":[{"start":{"line":7,"column":8},"end":{"line":9,"column":9}},{"start":{"line":7,"column":8},"end":{"line":9,"column":9}}],"line":7},"1":{"loc":{"start":{"line":16,"column":4},"end":{"line":34,"column":5}},"type":"switch","locations":[{"start":{"line":17,"column":8},"end":{"line":18,"column":128}},{"start":{"line":20,"column":8},"end":{"line":21,"column":47}},{"start":{"line":23,"column":8},"end":{"line":24,"column":145}},{"start":{"line":26,"column":8},"end":{"line":27,"column":136}},{"start":{"line":29,"column":8},"end":{"line":30,"column":53}},{"start":{"line":32,"column":8},"end":{"line":33,"column":22}}],"line":16}},"s":{"0":1,"1":0,"2":0,"3":0,"4":0,"5":0,"6":0,"7":0,"8":1,"9":0,"10":0,"11":0,"12":0,"13":0,"14":0,"15":0},"f":{"0":0,"1":0},"b":{"0":[0,0],"1":[0,0,0,0,0,0]},"_coverageSchema":"43e27e138ebf9cfc5966b082cf9a028302ed4184","hash":"84ee5033b9bcb1b0d458efe0a20ff21dab598f7c"}
}
