TN:
SF:/Users/josephgordy/Projects/generosity_market/gm_prod_server/server.js
FN:30,(anonymous_0)
FN:34,(anonymous_1)
FN:40,(anonymous_2)
FN:52,(anonymous_3)
FN:59,(anonymous_4)
FNF:5
FNH:0
FNDA:0,(anonymous_0)
FNDA:0,(anonymous_1)
FNDA:0,(anonymous_2)
FNDA:0,(anonymous_3)
FNDA:0,(anonymous_4)
DA:1,1
DA:2,1
DA:3,1
DA:5,1
DA:7,1
DA:8,1
DA:10,1
DA:11,1
DA:13,1
DA:15,1
DA:17,1
DA:20,1
DA:22,1
DA:23,1
DA:24,1
DA:26,1
DA:28,1
DA:30,1
DA:31,0
DA:34,1
DA:35,0
DA:41,0
DA:42,0
DA:45,0
DA:49,1
DA:50,1
DA:52,1
DA:53,0
DA:58,1
DA:59,0
DA:61,0
DA:65,1
LF:32
LH:24
BRDA:20,0,0,1
BRDA:20,0,1,1
BRDA:41,1,0,0
BRDA:41,1,1,0
BRDA:58,2,0,0
BRDA:58,2,1,1
BRF:6
BRH:3
end_of_record
TN:
SF:/Users/josephgordy/Projects/generosity_market/gm_prod_server/config/config.js
FNF:0
FNH:0
DA:1,1
DA:3,1
LF:2
LH:2
BRF:0
BRH:0
end_of_record
TN:
SF:/Users/josephgordy/Projects/generosity_market/gm_prod_server/controllers/users.js
FN:37,(anonymous_0)
FN:86,(anonymous_1)
FN:118,(anonymous_2)
FN:138,(anonymous_3)
FN:161,(anonymous_4)
FN:205,(anonymous_5)
FN:226,(anonymous_6)
FN:263,(anonymous_7)
FN:289,(anonymous_8)
FNF:9
FNH:2
FNDA:1,(anonymous_0)
FNDA:0,(anonymous_1)
FNDA:1,(anonymous_2)
FNDA:0,(anonymous_3)
FNDA:0,(anonymous_4)
FNDA:0,(anonymous_5)
FNDA:0,(anonymous_6)
FNDA:0,(anonymous_7)
FNDA:0,(anonymous_8)
DA:1,1
DA:2,1
DA:3,1
DA:6,1
DA:14,1
DA:20,1
DA:37,1
DA:45,1
DA:47,1
DA:48,0
DA:51,1
DA:54,1
DA:61,1
DA:62,1
DA:63,1
DA:68,1
DA:70,1
DA:71,1
DA:72,1
DA:74,1
DA:75,1
DA:78,0
DA:81,0
DA:86,1
DA:87,0
DA:89,0
DA:90,0
DA:93,0
DA:94,0
DA:104,0
DA:106,0
DA:107,0
DA:108,0
DA:110,0
DA:113,0
DA:118,1
DA:119,1
DA:120,1
DA:127,1
DA:128,0
DA:131,1
DA:133,0
DA:138,1
DA:139,0
DA:140,0
DA:150,0
DA:151,0
DA:154,0
DA:156,0
DA:161,1
DA:162,0
DA:164,0
DA:172,0
DA:173,0
DA:180,0
DA:200,0
DA:205,1
DA:206,0
DA:207,0
DA:209,0
DA:210,0
DA:217,0
DA:219,0
DA:221,0
DA:226,1
DA:227,0
DA:228,0
DA:251,0
DA:252,0
DA:254,0
DA:257,0
DA:258,0
DA:263,1
DA:264,0
DA:265,0
DA:277,0
DA:278,0
DA:280,0
DA:282,0
DA:289,1
DA:290,0
DA:291,0
DA:297,0
DA:299,0
LF:84
LH:32
BRDA:41,0,0,0
BRDA:42,1,0,0
BRDA:43,2,0,0
BRDA:47,3,0,0
BRDA:47,3,1,1
BRDA:47,4,0,1
BRDA:47,4,1,1
BRDA:61,5,0,1
BRDA:61,5,1,0
BRDA:70,6,0,1
BRDA:70,6,1,0
BRDA:89,7,0,0
BRDA:89,7,1,0
BRDA:89,8,0,0
BRDA:89,8,1,0
BRDA:106,9,0,0
BRDA:106,9,1,0
BRDA:127,10,0,0
BRDA:127,10,1,1
BRDA:150,11,0,0
BRDA:150,11,1,0
BRDA:217,12,0,0
BRDA:217,12,1,0
BRDA:251,13,0,0
BRDA:251,13,1,0
BRDA:277,14,0,0
BRDA:277,14,1,0
BRF:27
BRH:6
end_of_record
TN:
SF:/Users/josephgordy/Projects/generosity_market/gm_prod_server/middleware/authenticateUser.js
FN:4,(anonymous_0)
FN:9,(anonymous_1)
FNF:2
FNH:0
FNDA:0,(anonymous_0)
FNDA:0,(anonymous_1)
DA:1,1
DA:2,1
DA:4,1
DA:5,0
DA:10,0
DA:11,0
DA:14,0
DA:16,0
DA:17,0
DA:20,0
DA:24,1
LF:11
LH:4
BRDA:10,0,0,0
BRDA:10,0,1,0
BRDA:16,1,0,0
BRDA:16,1,1,0
BRF:4
BRH:0
end_of_record
TN:
SF:/Users/josephgordy/Projects/generosity_market/gm_prod_server/middleware/corsPolicy.js
FN:1,(anonymous_0)
FNF:1
FNH:1
FNDA:2,(anonymous_0)
DA:1,1
DA:2,2
DA:3,2
DA:4,2
DA:7,1
LF:5
LH:5
BRF:0
BRH:0
end_of_record
TN:
SF:/Users/josephgordy/Projects/generosity_market/gm_prod_server/middleware/index.js
FNF:0
FNH:0
DA:1,1
DA:2,1
DA:4,1
LF:3
LH:3
BRF:0
BRH:0
end_of_record
TN:
SF:/Users/josephgordy/Projects/generosity_market/gm_prod_server/models/cause.js
FN:2,(anonymous_0)
FN:17,(anonymous_1)
FNF:2
FNH:2
FNDA:1,(anonymous_0)
FNDA:1,(anonymous_1)
DA:2,1
DA:3,1
DA:17,1
DA:18,1
DA:23,1
DA:28,1
DA:33,1
DA:39,1
LF:8
LH:8
BRF:0
BRH:0
end_of_record
TN:
SF:/Users/josephgordy/Projects/generosity_market/gm_prod_server/models/comment.js
FN:2,(anonymous_0)
FN:12,(anonymous_1)
FNF:2
FNH:2
FNDA:1,(anonymous_0)
FNDA:1,(anonymous_1)
DA:2,1
DA:3,1
DA:12,1
DA:13,1
DA:17,1
DA:23,1
LF:6
LH:6
BRF:0
BRH:0
end_of_record
TN:
SF:/Users/josephgordy/Projects/generosity_market/gm_prod_server/models/donation.js
FN:2,(anonymous_0)
FN:12,(anonymous_1)
FNF:2
FNH:2
FNDA:1,(anonymous_0)
FNDA:1,(anonymous_1)
DA:2,1
DA:3,1
DA:12,1
DA:13,1
DA:18,1
DA:23,1
DA:29,1
LF:7
LH:7
BRF:0
BRH:0
end_of_record
TN:
SF:/Users/josephgordy/Projects/generosity_market/gm_prod_server/models/index.js
FN:20,(anonymous_0)
FN:21,(anonymous_1)
FN:26,(anonymous_2)
FNF:3
FNH:3
FNDA:7,(anonymous_0)
FNDA:6,(anonymous_1)
FNDA:6,(anonymous_2)
DA:1,1
DA:2,1
DA:3,1
DA:4,1
DA:6,1
DA:7,1
DA:8,1
DA:9,1
DA:12,1
DA:13,1
DA:15,0
DA:18,1
DA:20,7
DA:22,6
DA:23,6
DA:26,1
DA:27,6
DA:28,6
DA:32,1
DA:33,1
DA:35,1
LF:21
LH:20
BRDA:7,0,0,1
BRDA:7,0,1,0
BRDA:12,1,0,1
BRDA:12,1,1,0
BRDA:20,2,0,7
BRDA:20,2,1,7
BRDA:20,2,2,6
BRDA:27,3,0,6
BRDA:27,3,1,0
BRF:9
BRH:6
end_of_record
TN:
SF:/Users/josephgordy/Projects/generosity_market/gm_prod_server/models/organization.js
FN:1,(anonymous_0)
FN:17,(anonymous_1)
FNF:2
FNH:2
FNDA:1,(anonymous_0)
FNDA:1,(anonymous_1)
DA:1,1
DA:2,1
DA:17,1
DA:18,1
DA:22,1
DA:26,1
DA:32,1
LF:7
LH:7
BRF:0
BRH:0
end_of_record
TN:
SF:/Users/josephgordy/Projects/generosity_market/gm_prod_server/models/preference.js
FN:1,(anonymous_0)
FN:10,(anonymous_1)
FNF:2
FNH:2
FNDA:1,(anonymous_0)
FNDA:1,(anonymous_1)
DA:1,1
DA:2,1
DA:10,1
DA:11,1
DA:15,1
DA:19,1
DA:25,1
LF:7
LH:7
BRF:0
BRH:0
end_of_record
TN:
SF:/Users/josephgordy/Projects/generosity_market/gm_prod_server/models/user.js
FN:1,(anonymous_0)
FN:18,(anonymous_1)
FNF:2
FNH:2
FNDA:1,(anonymous_0)
FNDA:1,(anonymous_1)
DA:1,1
DA:2,1
DA:18,1
DA:19,1
DA:23,1
DA:27,1
DA:31,1
DA:35,1
DA:41,1
LF:9
LH:9
BRF:0
BRH:0
end_of_record
TN:
SF:/Users/josephgordy/Projects/generosity_market/gm_prod_server/routes/documentation.js
FN:10,(anonymous_0)
FNF:1
FNH:0
FNDA:0,(anonymous_0)
DA:1,1
DA:3,1
DA:10,1
DA:11,0
DA:17,1
LF:5
LH:4
BRF:0
BRH:0
end_of_record
TN:
SF:/Users/josephgordy/Projects/generosity_market/gm_prod_server/routes/index.js
FN:22,(anonymous_0)
FNF:1
FNH:0
FNDA:0,(anonymous_0)
DA:1,1
DA:2,1
DA:3,1
DA:4,1
DA:6,1
DA:7,1
DA:16,1
DA:18,1
DA:21,1
DA:23,0
DA:25,0
DA:26,0
DA:28,0
DA:33,1
DA:35,1
DA:36,1
DA:37,1
DA:45,1
LF:18
LH:14
BRDA:25,0,0,0
BRDA:25,0,1,0
BRDA:26,1,0,0
BRDA:26,1,1,0
BRF:4
BRH:0
end_of_record
TN:
SF:/Users/josephgordy/Projects/generosity_market/gm_prod_server/routes/users.js
FNF:0
FNH:0
DA:1,1
DA:3,1
DA:15,1
DA:18,1
DA:21,1
DA:24,1
DA:27,1
DA:30,1
DA:33,1
DA:36,1
DA:38,1
DA:41,1
DA:43,1
LF:13
LH:13
BRF:0
BRH:0
end_of_record
TN:
SF:/Users/josephgordy/Projects/generosity_market/gm_prod_server/utilities/authentication.js
FN:4,(anonymous_0)
FNF:1
FNH:1
FNDA:1,(anonymous_0)
DA:1,1
DA:4,1
DA:5,1
DA:6,1
DA:7,1
LF:5
LH:5
BRF:0
BRH:0
end_of_record
TN:
SF:/Users/josephgordy/Projects/generosity_market/gm_prod_server/utilities/awsUploads.js
FN:18,(anonymous_0)
FN:31,(anonymous_1)
FN:38,(anonymous_2)
FN:38,(anonymous_3)
FN:41,(anonymous_4)
FN:57,(anonymous_5)
FN:75,(anonymous_6)
FN:86,(anonymous_7)
FNF:8
FNH:0
FNDA:0,(anonymous_0)
FNDA:0,(anonymous_1)
FNDA:0,(anonymous_2)
FNDA:0,(anonymous_3)
FNDA:0,(anonymous_4)
FNDA:0,(anonymous_5)
FNDA:0,(anonymous_6)
FNDA:0,(anonymous_7)
DA:1,1
DA:2,1
DA:3,1
DA:4,1
DA:7,1
DA:13,1
DA:16,1
DA:18,1
DA:19,0
DA:21,0
DA:23,0
DA:25,0
DA:27,0
DA:31,1
DA:38,1
DA:39,0
DA:41,0
DA:42,0
DA:44,0
DA:46,0
DA:47,0
DA:48,0
DA:51,0
DA:57,1
DA:58,0
DA:59,0
DA:60,0
DA:61,0
DA:62,0
DA:64,0
DA:66,0
DA:68,0
DA:70,0
DA:71,0
DA:75,1
DA:76,0
DA:83,0
DA:86,1
DA:87,0
DA:89,0
DA:90,0
DA:92,0
DA:93,0
DA:95,0
DA:97,0
DA:101,0
DA:102,0
DA:104,0
DA:105,0
DA:107,0
DA:108,0
DA:112,0
DA:115,1
DA:116,1
DA:117,1
LF:55
LH:16
BRDA:19,0,0,0
BRDA:19,0,1,0
BRDA:19,0,2,0
BRDA:19,0,3,0
BRDA:42,1,0,0
BRDA:42,1,1,0
BRDA:47,2,0,0
BRDA:47,2,1,0
BRDA:48,3,0,0
BRDA:48,3,1,0
BRDA:68,4,0,0
BRDA:68,4,1,0
BRDA:89,5,0,0
BRDA:89,5,1,0
BRDA:92,6,0,0
BRDA:92,6,1,0
BRDA:95,7,0,0
BRDA:95,7,1,0
BRDA:101,8,0,0
BRDA:101,8,1,0
BRDA:104,9,0,0
BRDA:104,9,1,0
BRDA:107,10,0,0
BRDA:107,10,1,0
BRF:24
BRH:0
end_of_record
TN:
SF:/Users/josephgordy/Projects/generosity_market/gm_prod_server/utilities/error.js
FN:2,(anonymous_0)
FN:9,(anonymous_1)
FNF:2
FNH:0
FNDA:0,(anonymous_0)
FNDA:0,(anonymous_1)
DA:3,0
DA:4,0
DA:5,0
DA:9,1
DA:10,0
DA:11,0
DA:18,1
LF:7
LH:2
BRF:0
BRH:0
end_of_record
TN:
SF:/Users/josephgordy/Projects/generosity_market/gm_prod_server/utilities/index.js
FNF:0
FNH:0
DA:1,1
DA:2,1
DA:3,1
DA:5,1
LF:4
LH:4
BRF:0
BRH:0
end_of_record
TN:
SF:/Users/josephgordy/Projects/generosity_market/gm_prod_server/utilities/transforms.js
FN:2,(anonymous_0)
FN:15,(anonymous_1)
FNF:2
FNH:0
FNDA:0,(anonymous_0)
FNDA:0,(anonymous_1)
DA:2,1
DA:3,0
DA:4,0
DA:6,0
DA:7,0
DA:8,0
DA:11,0
DA:15,1
DA:16,0
DA:18,0
DA:21,0
DA:24,0
DA:27,0
DA:30,0
DA:33,0
LF:15
LH:2
BRDA:7,0,0,0
BRDA:7,0,1,0
BRDA:16,1,0,0
BRDA:16,1,1,0
BRDA:16,1,2,0
BRDA:16,1,3,0
BRDA:16,1,4,0
BRDA:16,1,5,0
BRF:8
BRH:0
end_of_record
