TN:
SF:/Users/josephgordy/Projects/generosity_market/gm_prod_server/server.js
FN:30,(anonymous_0)
FN:34,(anonymous_1)
FN:40,(anonymous_2)
FN:52,(anonymous_3)
FN:59,(anonymous_4)
FNF:5
FNH:0
FNDA:0,(anonymous_0)
FNDA:0,(anonymous_1)
FNDA:0,(anonymous_2)
FNDA:0,(anonymous_3)
FNDA:0,(anonymous_4)
DA:1,2
DA:2,2
DA:3,2
DA:5,2
DA:7,2
DA:8,2
DA:10,2
DA:11,2
DA:13,2
DA:15,2
DA:17,2
DA:20,2
DA:22,2
DA:23,2
DA:24,2
DA:26,2
DA:28,2
DA:30,2
DA:31,0
DA:34,2
DA:35,0
DA:41,0
DA:42,0
DA:45,0
DA:49,2
DA:50,2
DA:52,2
DA:53,0
DA:58,2
DA:59,0
DA:61,0
DA:65,2
LF:32
LH:24
BRDA:20,0,0,2
BRDA:20,0,1,2
BRDA:41,1,0,0
BRDA:41,1,1,0
BRDA:58,2,0,0
BRDA:58,2,1,2
BRF:6
BRH:3
end_of_record
TN:
SF:/Users/josephgordy/Projects/generosity_market/gm_prod_server/config/config.js
FNF:0
FNH:0
DA:1,2
DA:3,2
LF:2
LH:2
BRF:0
BRH:0
end_of_record
TN:
SF:/Users/josephgordy/Projects/generosity_market/gm_prod_server/controllers/causes.js
FN:13,(anonymous_0)
FN:54,(anonymous_1)
FN:88,(anonymous_2)
FN:126,(anonymous_3)
FNF:4
FNH:4
FNDA:1,(anonymous_0)
FNDA:1,(anonymous_1)
FNDA:1,(anonymous_2)
FNDA:1,(anonymous_3)
DA:2,2
DA:10,2
DA:13,2
DA:14,1
DA:15,1
DA:16,1
DA:25,1
DA:27,1
DA:32,1
DA:34,1
DA:36,1
DA:37,1
DA:38,1
DA:40,1
DA:41,1
DA:44,0
DA:46,0
DA:54,2
DA:55,1
DA:59,1
DA:77,1
DA:78,1
DA:80,0
DA:83,0
DA:88,2
DA:89,1
DA:93,1
DA:115,1
DA:116,1
DA:118,0
DA:121,0
DA:126,2
DA:127,1
DA:129,1
DA:130,1
DA:137,1
DA:139,1
DA:140,1
DA:141,1
DA:148,1
DA:150,1
DA:151,1
DA:153,0
DA:157,0
DA:159,0
DA:161,0
LF:46
LH:36
BRDA:36,0,0,1
BRDA:36,0,1,0
BRDA:77,1,0,1
BRDA:77,1,1,0
BRDA:115,2,0,1
BRDA:115,2,1,0
BRDA:139,3,0,1
BRDA:139,3,1,0
BRF:8
BRH:4
end_of_record
TN:
SF:/Users/josephgordy/Projects/generosity_market/gm_prod_server/controllers/users.js
FN:37,(anonymous_0)
FN:86,(anonymous_1)
FN:123,(anonymous_2)
FN:143,(anonymous_3)
FN:166,(anonymous_4)
FN:207,(anonymous_5)
FN:228,(anonymous_6)
FN:264,(anonymous_7)
FN:290,(anonymous_8)
FNF:9
FNH:5
FNDA:2,(anonymous_0)
FNDA:5,(anonymous_1)
FNDA:1,(anonymous_2)
FNDA:1,(anonymous_3)
FNDA:1,(anonymous_4)
FNDA:0,(anonymous_5)
FNDA:0,(anonymous_6)
FNDA:0,(anonymous_7)
FNDA:0,(anonymous_8)
DA:1,2
DA:2,2
DA:3,2
DA:6,2
DA:14,2
DA:20,2
DA:37,2
DA:45,2
DA:47,2
DA:48,0
DA:51,2
DA:54,2
DA:61,2
DA:62,2
DA:63,2
DA:68,2
DA:70,2
DA:71,2
DA:72,2
DA:74,2
DA:75,2
DA:78,0
DA:81,0
DA:86,2
DA:87,5
DA:89,5
DA:90,1
DA:93,4
DA:94,4
DA:104,4
DA:105,2
DA:108,2
DA:110,2
DA:111,1
DA:112,1
DA:114,1
DA:117,0
DA:119,1
DA:123,2
DA:124,1
DA:125,1
DA:132,1
DA:133,0
DA:136,1
DA:138,0
DA:143,2
DA:144,1
DA:145,1
DA:155,1
DA:156,0
DA:159,1
DA:161,0
DA:166,2
DA:167,1
DA:171,1
DA:172,1
DA:179,1
DA:181,1
DA:182,1
DA:183,1
DA:190,1
DA:192,1
DA:193,1
DA:195,0
DA:199,0
DA:201,0
DA:203,0
DA:207,2
DA:208,0
DA:209,0
DA:211,0
DA:212,0
DA:219,0
DA:221,0
DA:223,0
DA:228,2
DA:229,0
DA:230,0
DA:253,0
DA:254,0
DA:256,0
DA:259,0
DA:264,2
DA:265,0
DA:266,0
DA:278,0
DA:279,0
DA:281,0
DA:283,0
DA:290,2
DA:291,0
DA:292,0
DA:298,0
DA:300,0
LF:94
LH:59
BRDA:41,0,0,0
BRDA:42,1,0,0
BRDA:43,2,0,0
BRDA:47,3,0,0
BRDA:47,3,1,2
BRDA:47,4,0,2
BRDA:47,4,1,2
BRDA:61,5,0,2
BRDA:61,5,1,0
BRDA:70,6,0,2
BRDA:70,6,1,0
BRDA:89,7,0,1
BRDA:89,7,1,4
BRDA:89,8,0,5
BRDA:89,8,1,4
BRDA:104,9,0,2
BRDA:104,9,1,2
BRDA:110,10,0,1
BRDA:110,10,1,1
BRDA:132,11,0,0
BRDA:132,11,1,1
BRDA:155,12,0,0
BRDA:155,12,1,1
BRDA:181,13,0,1
BRDA:181,13,1,0
BRDA:219,14,0,0
BRDA:219,14,1,0
BRDA:253,15,0,0
BRDA:253,15,1,0
BRDA:278,16,0,0
BRDA:278,16,1,0
BRF:31
BRH:16
end_of_record
TN:
SF:/Users/josephgordy/Projects/generosity_market/gm_prod_server/middleware/authenticateUser.js
FN:4,(anonymous_0)
FN:9,(anonymous_1)
FNF:2
FNH:0
FNDA:0,(anonymous_0)
FNDA:0,(anonymous_1)
DA:1,2
DA:2,2
DA:4,2
DA:5,0
DA:10,0
DA:11,0
DA:14,0
DA:16,0
DA:17,0
DA:20,0
DA:24,2
LF:11
LH:4
BRDA:10,0,0,0
BRDA:10,0,1,0
BRDA:16,1,0,0
BRDA:16,1,1,0
BRF:4
BRH:0
end_of_record
TN:
SF:/Users/josephgordy/Projects/generosity_market/gm_prod_server/middleware/corsPolicy.js
FN:1,(anonymous_0)
FNF:1
FNH:1
FNDA:14,(anonymous_0)
DA:1,2
DA:2,14
DA:3,14
DA:4,14
DA:7,2
LF:5
LH:5
BRF:0
BRH:0
end_of_record
TN:
SF:/Users/josephgordy/Projects/generosity_market/gm_prod_server/middleware/index.js
FNF:0
FNH:0
DA:1,2
DA:2,2
DA:4,2
LF:3
LH:3
BRF:0
BRH:0
end_of_record
TN:
SF:/Users/josephgordy/Projects/generosity_market/gm_prod_server/models/cause.js
FN:2,(anonymous_0)
FN:20,(anonymous_1)
FNF:2
FNH:2
FNDA:2,(anonymous_0)
FNDA:2,(anonymous_1)
DA:2,2
DA:3,2
DA:20,2
DA:21,2
DA:26,2
DA:31,2
DA:36,2
DA:42,2
LF:8
LH:8
BRF:0
BRH:0
end_of_record
TN:
SF:/Users/josephgordy/Projects/generosity_market/gm_prod_server/models/comment.js
FN:2,(anonymous_0)
FN:12,(anonymous_1)
FNF:2
FNH:2
FNDA:2,(anonymous_0)
FNDA:2,(anonymous_1)
DA:2,2
DA:3,2
DA:12,2
DA:13,2
DA:17,2
DA:23,2
LF:6
LH:6
BRF:0
BRH:0
end_of_record
TN:
SF:/Users/josephgordy/Projects/generosity_market/gm_prod_server/models/donation.js
FN:2,(anonymous_0)
FN:12,(anonymous_1)
FNF:2
FNH:2
FNDA:2,(anonymous_0)
FNDA:2,(anonymous_1)
DA:2,2
DA:3,2
DA:12,2
DA:13,2
DA:18,2
DA:23,2
DA:29,2
LF:7
LH:7
BRF:0
BRH:0
end_of_record
TN:
SF:/Users/josephgordy/Projects/generosity_market/gm_prod_server/models/index.js
FN:20,(anonymous_0)
FN:21,(anonymous_1)
FN:26,(anonymous_2)
FNF:3
FNH:3
FNDA:14,(anonymous_0)
FNDA:12,(anonymous_1)
FNDA:12,(anonymous_2)
DA:1,2
DA:2,2
DA:3,2
DA:4,2
DA:6,2
DA:7,2
DA:8,2
DA:9,2
DA:12,2
DA:13,2
DA:15,0
DA:18,2
DA:20,14
DA:22,12
DA:23,12
DA:26,2
DA:27,12
DA:28,12
DA:32,2
DA:33,2
DA:35,2
LF:21
LH:20
BRDA:7,0,0,2
BRDA:7,0,1,0
BRDA:12,1,0,2
BRDA:12,1,1,0
BRDA:20,2,0,14
BRDA:20,2,1,14
BRDA:20,2,2,12
BRDA:27,3,0,12
BRDA:27,3,1,0
BRF:9
BRH:6
end_of_record
TN:
SF:/Users/josephgordy/Projects/generosity_market/gm_prod_server/models/organization.js
FN:1,(anonymous_0)
FN:17,(anonymous_1)
FNF:2
FNH:2
FNDA:2,(anonymous_0)
FNDA:2,(anonymous_1)
DA:1,2
DA:2,2
DA:17,2
DA:18,2
DA:22,2
DA:26,2
DA:32,2
LF:7
LH:7
BRF:0
BRH:0
end_of_record
TN:
SF:/Users/josephgordy/Projects/generosity_market/gm_prod_server/models/preference.js
FN:1,(anonymous_0)
FN:10,(anonymous_1)
FNF:2
FNH:2
FNDA:2,(anonymous_0)
FNDA:2,(anonymous_1)
DA:1,2
DA:2,2
DA:10,2
DA:11,2
DA:15,2
DA:19,2
DA:25,2
LF:7
LH:7
BRF:0
BRH:0
end_of_record
TN:
SF:/Users/josephgordy/Projects/generosity_market/gm_prod_server/models/user.js
FN:1,(anonymous_0)
FN:18,(anonymous_1)
FNF:2
FNH:2
FNDA:2,(anonymous_0)
FNDA:2,(anonymous_1)
DA:1,2
DA:2,2
DA:18,2
DA:19,2
DA:23,2
DA:27,2
DA:31,2
DA:35,2
DA:41,2
LF:9
LH:9
BRF:0
BRH:0
end_of_record
TN:
SF:/Users/josephgordy/Projects/generosity_market/gm_prod_server/routes/causes.js
FNF:0
FNH:0
DA:1,2
DA:3,2
DA:10,2
DA:13,2
DA:16,2
DA:19,2
DA:22,2
DA:24,2
LF:8
LH:8
BRF:0
BRH:0
end_of_record
TN:
SF:/Users/josephgordy/Projects/generosity_market/gm_prod_server/routes/documentation.js
FN:10,(anonymous_0)
FNF:1
FNH:0
FNDA:0,(anonymous_0)
DA:1,2
DA:3,2
DA:10,2
DA:11,0
DA:17,2
LF:5
LH:4
BRF:0
BRH:0
end_of_record
TN:
SF:/Users/josephgordy/Projects/generosity_market/gm_prod_server/routes/index.js
FN:22,(anonymous_0)
FNF:1
FNH:0
FNDA:0,(anonymous_0)
DA:1,2
DA:2,2
DA:3,2
DA:4,2
DA:6,2
DA:7,2
DA:8,2
DA:16,2
DA:18,2
DA:21,2
DA:23,0
DA:25,0
DA:26,0
DA:28,0
DA:33,2
DA:35,2
DA:36,2
DA:37,2
DA:38,2
DA:45,2
LF:20
LH:16
BRDA:25,0,0,0
BRDA:25,0,1,0
BRDA:26,1,0,0
BRDA:26,1,1,0
BRF:4
BRH:0
end_of_record
TN:
SF:/Users/josephgordy/Projects/generosity_market/gm_prod_server/routes/users.js
FNF:0
FNH:0
DA:1,2
DA:3,2
DA:15,2
DA:18,2
DA:21,2
DA:24,2
DA:27,2
DA:30,2
DA:33,2
DA:36,2
DA:39,2
DA:42,2
DA:44,2
LF:13
LH:13
BRF:0
BRH:0
end_of_record
TN:
SF:/Users/josephgordy/Projects/generosity_market/gm_prod_server/tests/utils/createItem.js
FN:5,(anonymous_0)
FNF:1
FNH:1
FNDA:3,(anonymous_0)
DA:1,2
DA:3,2
DA:5,3
LF:3
LH:3
BRF:0
BRH:0
end_of_record
TN:
SF:/Users/josephgordy/Projects/generosity_market/gm_prod_server/tests/utils/editItem.js
FN:5,(anonymous_0)
FNF:1
FNH:1
FNDA:2,(anonymous_0)
DA:1,2
DA:3,2
DA:5,2
LF:3
LH:3
BRF:0
BRH:0
end_of_record
TN:
SF:/Users/josephgordy/Projects/generosity_market/gm_prod_server/tests/utils/getAll.js
FN:5,(anonymous_0)
FNF:1
FNH:1
FNDA:2,(anonymous_0)
DA:1,2
DA:3,2
DA:5,2
LF:3
LH:3
BRF:0
BRH:0
end_of_record
TN:
SF:/Users/josephgordy/Projects/generosity_market/gm_prod_server/tests/utils/getById.js
FN:5,(anonymous_0)
FNF:1
FNH:1
FNDA:2,(anonymous_0)
DA:1,2
DA:3,2
DA:5,2
LF:3
LH:3
BRF:0
BRH:0
end_of_record
TN:
SF:/Users/josephgordy/Projects/generosity_market/gm_prod_server/tests/utils/index.js
FNF:0
FNH:0
DA:1,2
DA:2,2
DA:3,2
DA:4,2
DA:5,2
DA:6,2
DA:8,2
LF:7
LH:7
BRF:0
BRH:0
end_of_record
TN:
SF:/Users/josephgordy/Projects/generosity_market/gm_prod_server/tests/utils/login.js
FN:14,(anonymous_0)
FNF:1
FNH:1
FNDA:5,(anonymous_0)
DA:1,2
DA:2,2
DA:3,2
DA:10,2
DA:12,2
DA:14,2
DA:16,5
DA:18,5
DA:19,1
DA:22,5
DA:25,2
LF:11
LH:11
BRDA:14,0,0,2
BRDA:18,1,0,1
BRDA:18,1,1,4
BRDA:18,2,0,5
BRDA:18,2,1,4
BRF:5
BRH:5
end_of_record
TN:
SF:/Users/josephgordy/Projects/generosity_market/gm_prod_server/tests/utils/registerUser.js
FN:14,(anonymous_0)
FNF:1
FNH:1
FNDA:2,(anonymous_0)
DA:1,2
DA:3,2
DA:9,2
DA:12,2
DA:14,2
LF:5
LH:5
BRF:0
BRH:0
end_of_record
TN:
SF:/Users/josephgordy/Projects/generosity_market/gm_prod_server/utilities/authentication.js
FN:4,(anonymous_0)
FNF:1
FNH:1
FNDA:2,(anonymous_0)
DA:1,2
DA:4,2
DA:5,2
DA:6,2
DA:7,2
LF:5
LH:5
BRF:0
BRH:0
end_of_record
TN:
SF:/Users/josephgordy/Projects/generosity_market/gm_prod_server/utilities/awsUtils.js
FN:18,(anonymous_0)
FN:31,(anonymous_1)
FN:38,(anonymous_2)
FN:38,(anonymous_3)
FN:41,(anonymous_4)
FN:56,(anonymous_5)
FN:74,(anonymous_6)
FN:85,(anonymous_7)
FNF:8
FNH:0
FNDA:0,(anonymous_0)
FNDA:0,(anonymous_1)
FNDA:0,(anonymous_2)
FNDA:0,(anonymous_3)
FNDA:0,(anonymous_4)
FNDA:0,(anonymous_5)
FNDA:0,(anonymous_6)
FNDA:0,(anonymous_7)
DA:1,1
DA:2,1
DA:3,1
DA:4,1
DA:7,1
DA:13,1
DA:16,1
DA:18,1
DA:19,0
DA:21,0
DA:23,0
DA:25,0
DA:27,0
DA:31,1
DA:38,1
DA:39,0
DA:41,0
DA:42,0
DA:44,0
DA:46,0
DA:47,0
DA:48,0
DA:50,0
DA:56,1
DA:57,0
DA:58,0
DA:59,0
DA:60,0
DA:61,0
DA:63,0
DA:65,0
DA:67,0
DA:69,0
DA:70,0
DA:74,1
DA:75,0
DA:82,0
DA:85,1
DA:86,0
DA:88,0
DA:89,0
DA:91,0
DA:92,0
DA:94,0
DA:96,0
DA:100,0
DA:101,0
DA:103,0
DA:104,0
DA:106,0
DA:107,0
DA:111,0
DA:114,1
DA:115,1
DA:116,1
LF:55
LH:16
BRDA:19,0,0,0
BRDA:19,0,1,0
BRDA:19,0,2,0
BRDA:19,0,3,0
BRDA:42,1,0,0
BRDA:42,1,1,0
BRDA:47,2,0,0
BRDA:47,2,1,0
BRDA:48,3,0,0
BRDA:48,3,1,0
BRDA:67,4,0,0
BRDA:67,4,1,0
BRDA:88,5,0,0
BRDA:88,5,1,0
BRDA:91,6,0,0
BRDA:91,6,1,0
BRDA:94,7,0,0
BRDA:94,7,1,0
BRDA:100,8,0,0
BRDA:100,8,1,0
BRDA:103,9,0,0
BRDA:103,9,1,0
BRDA:106,10,0,0
BRDA:106,10,1,0
BRF:24
BRH:0
end_of_record
TN:
SF:/Users/josephgordy/Projects/generosity_market/gm_prod_server/utilities/error.js
FN:2,(anonymous_0)
FN:9,(anonymous_1)
FNF:2
FNH:0
FNDA:0,(anonymous_0)
FNDA:0,(anonymous_1)
DA:3,0
DA:4,0
DA:5,0
DA:9,2
DA:10,0
DA:11,0
DA:18,2
LF:7
LH:2
BRF:0
BRH:0
end_of_record
TN:
SF:/Users/josephgordy/Projects/generosity_market/gm_prod_server/utilities/index.js
FNF:0
FNH:0
DA:1,2
DA:2,2
DA:3,2
DA:4,2
DA:6,2
LF:5
LH:5
BRF:0
BRH:0
end_of_record
TN:
SF:/Users/josephgordy/Projects/generosity_market/gm_prod_server/utilities/stripe.js
FN:3,(anonymous_0)
FN:8,(anonymous_1)
FNF:2
FNH:0
FNDA:0,(anonymous_0)
FNDA:0,(anonymous_1)
DA:1,2
DA:3,2
DA:8,2
DA:15,2
LF:4
LH:4
BRF:0
BRH:0
end_of_record
TN:
SF:/Users/josephgordy/Projects/generosity_market/gm_prod_server/utilities/transforms.js
FN:2,(anonymous_0)
FN:15,(anonymous_1)
FNF:2
FNH:0
FNDA:0,(anonymous_0)
FNDA:0,(anonymous_1)
DA:2,2
DA:3,0
DA:4,0
DA:6,0
DA:7,0
DA:8,0
DA:11,0
DA:15,2
DA:16,0
DA:18,0
DA:21,0
DA:24,0
DA:27,0
DA:30,0
DA:33,0
LF:15
LH:2
BRDA:7,0,0,0
BRDA:7,0,1,0
BRDA:16,1,0,0
BRDA:16,1,1,0
BRDA:16,1,2,0
BRDA:16,1,3,0
BRDA:16,1,4,0
BRDA:16,1,5,0
BRF:8
BRH:0
end_of_record
